INFO: 2023-02-19 23:32:47,416: main() 'Using profile folder /home/zikrymiftahur/.config/variety/'
INFO: 2023-02-19 23:32:47,418: perform_upgrade() 'Last run version was 0.8.5 or earlier, current version is 0.8.5'
INFO: 2023-02-19 23:32:47,604: process_command() 'Received command: []'
INFO: 2023-02-19 23:32:47,607: load_banned() 'Missing or invalid banned URLs list, no URLs will be banned'
INFO: 2023-02-19 23:32:47,617: start() 'Using data_path /usr/share/variety'
INFO: 2023-02-19 23:32:47,617: load() 'Jumble loading'
INFO: 2023-02-19 23:32:47,617: _walk_modules() 'Jumble loading module in __init__ from /usr/lib/python3/dist-packages/variety/plugins/builtin/__init__.py'
INFO: 2023-02-19 23:32:47,618: _walk_modules() 'Jumble loading module in LocalFilesSource from /usr/lib/python3/dist-packages/variety/plugins/builtin/quotes/LocalFilesSource.py'
INFO: 2023-02-19 23:32:47,619: load() 'Jumble found plugin class: <class 'LocalFilesSource.LocalFilesSource'>: {'name': 'Local text files', 'description': 'Displays quotes, defined in local text files.\nPut your own txt files in: ~/.config/variety/pluginconfig/quotes/.\nThe file format is:\n\nquote -- author\n.\nsecond quote -- another author\n.\netc...\n\nExample: http://rvelthuis.de/zips/quotes.txt', 'author': 'Peter Levi', 'version': '0.1'}'
INFO: 2023-02-19 23:32:47,620: _walk_modules() 'Jumble loading module in QuotationsPageSource from /usr/lib/python3/dist-packages/variety/plugins/builtin/quotes/QuotationsPageSource.py'
INFO: 2023-02-19 23:32:47,650: load() 'Jumble found plugin class: <class 'QuotationsPageSource.QuotationsPageSource'>: {'name': 'TheQuotationsPage.com', 'description': 'Fetches quotes from TheQuotationsPage.com', 'author': 'Peter Levi', 'version': '0.1'}'
INFO: 2023-02-19 23:32:47,651: _walk_modules() 'Jumble loading module in UrbanDictionarySource from /usr/lib/python3/dist-packages/variety/plugins/builtin/quotes/UrbanDictionarySource.py'
INFO: 2023-02-19 23:32:47,651: load() 'Jumble found plugin class: <class 'UrbanDictionarySource.UrbanDictionarySource'>: {'name': 'Urban Dictionary', 'description': 'Displays definitions from Urban Dictionary', 'author': 'James Miller', 'version': '0.1'}'
INFO: 2023-02-19 23:32:47,651: _walk_modules() 'Jumble loading module in GoodreadsSource from /usr/lib/python3/dist-packages/variety/plugins/builtin/quotes/GoodreadsSource.py'
INFO: 2023-02-19 23:32:47,652: load() 'Jumble found plugin class: <class 'GoodreadsSource.GoodreadsSource'>: {'name': 'Goodreads', 'description': 'Fetches quotes from Goodreads.com', 'author': 'Peter Levi', 'version': '0.1'}'
INFO: 2023-02-19 23:32:47,652: _walk_modules() 'Jumble loading module in __init__ from /usr/lib/python3/dist-packages/variety/plugins/builtin/quotes/__init__.py'
INFO: 2023-02-19 23:32:47,652: _walk_modules() 'Jumble loading module in FortuneSource from /usr/lib/python3/dist-packages/variety/plugins/builtin/quotes/FortuneSource.py'
INFO: 2023-02-19 23:32:47,652: load() 'Jumble found plugin class: <class 'FortuneSource.FortuneSource'>: {'name': 'UNIX fortune program', 'description': 'Displays quotes using the UNIX fortune program. You may want to install additional fortune packs, e.g. fortunes-bofh-excuses.', 'author': 'Dan Jones', 'version': '0.1'}'
INFO: 2023-02-19 23:32:47,653: _walk_modules() 'Jumble loading module in UnsplashDownloader from /usr/lib/python3/dist-packages/variety/plugins/builtin/downloaders/UnsplashDownloader.py'
INFO: 2023-02-19 23:32:47,653: load() 'Jumble found plugin class: <class 'UnsplashDownloader.UnsplashDownloader'>: {'name': 'UnsplashDownloader', 'description': 'High-resolution photos from Unsplash.com', 'author': 'Peter Levi', 'version': '0.1'}'
INFO: 2023-02-19 23:32:47,653: _walk_modules() 'Jumble loading module in RedditDownloader from /usr/lib/python3/dist-packages/variety/plugins/builtin/downloaders/RedditDownloader.py'
INFO: 2023-02-19 23:32:47,653: _walk_modules() 'Jumble loading module in MediaRSSSource from /usr/lib/python3/dist-packages/variety/plugins/builtin/downloaders/MediaRSSSource.py'
INFO: 2023-02-19 23:32:47,655: load() 'Jumble found plugin class: <class 'MediaRSSSource.MediaRSSSource'>: {'name': 'MediaRSSSource', 'description': 'Configurable source for fetching images from MediaRSS feeds', 'author': 'Peter Levi', 'version': '0.1'}'
INFO: 2023-02-19 23:32:47,655: _walk_modules() 'Jumble loading module in MediaRSSDownloader from /usr/lib/python3/dist-packages/variety/plugins/builtin/downloaders/MediaRSSDownloader.py'
INFO: 2023-02-19 23:32:47,655: _walk_modules() 'Jumble loading module in WallhavenDownloader from /usr/lib/python3/dist-packages/variety/plugins/builtin/downloaders/WallhavenDownloader.py'
INFO: 2023-02-19 23:32:47,655: _walk_modules() 'Jumble loading module in UnsplashConfigurableSource from /usr/lib/python3/dist-packages/variety/plugins/builtin/downloaders/UnsplashConfigurableSource.py'
INFO: 2023-02-19 23:32:47,656: load() 'Jumble found plugin class: <class 'UnsplashConfigurableSource.UnsplashConfigurableSource'>: {'name': 'UnsplashConfigurableSource', 'description': 'Configurable source for fetching photos from Unsplash.com', 'author': 'Peter Levi', 'version': '0.1'}'
INFO: 2023-02-19 23:32:47,656: _walk_modules() 'Jumble loading module in __init__ from /usr/lib/python3/dist-packages/variety/plugins/builtin/downloaders/__init__.py'
INFO: 2023-02-19 23:32:47,657: _walk_modules() 'Jumble loading module in WallhavenSource from /usr/lib/python3/dist-packages/variety/plugins/builtin/downloaders/WallhavenSource.py'
INFO: 2023-02-19 23:32:47,657: load() 'Jumble found plugin class: <class 'WallhavenSource.WallhavenSource'>: {'name': 'WallhavenSource', 'description': 'Configurable source for fetching images from Wallhaven.cc', 'author': 'Peter Levi', 'version': '0.1'}'
INFO: 2023-02-19 23:32:47,657: _walk_modules() 'Jumble loading module in BingDownloader from /usr/lib/python3/dist-packages/variety/plugins/builtin/downloaders/BingDownloader.py'
INFO: 2023-02-19 23:32:47,658: load() 'Jumble found plugin class: <class 'BingDownloader.BingDownloader'>: {'name': 'BingDownloader', 'description': 'Bing Photo of the Day', 'author': 'Peter Levi', 'version': '0.1'}'
INFO: 2023-02-19 23:32:47,658: _walk_modules() 'Jumble loading module in RedditSource from /usr/lib/python3/dist-packages/variety/plugins/builtin/downloaders/RedditSource.py'
INFO: 2023-02-19 23:32:47,659: load() 'Jumble found plugin class: <class 'RedditSource.RedditSource'>: {'name': 'RedditSource', 'description': 'Configurable source for fetching images from Reddit', 'author': 'Peter Levi', 'version': '0.1'}'
INFO: 2023-02-19 23:32:47,659: _walk_modules() 'Jumble loading module in EarthviewDownloader from /usr/lib/python3/dist-packages/variety/plugins/builtin/downloaders/EarthviewDownloader.py'
INFO: 2023-02-19 23:32:47,659: load() 'Jumble found plugin class: <class 'EarthviewDownloader.EarthviewDownloader'>: {'name': 'EarthviewDownloader', 'description': 'Google Earth View Wallpapers', 'author': 'Peter Levi', 'version': '0.1'}'
INFO: 2023-02-19 23:32:47,659: _walk_modules() 'Jumble loading module in APODDownloader from /usr/lib/python3/dist-packages/variety/plugins/builtin/downloaders/APODDownloader.py'
INFO: 2023-02-19 23:32:47,660: load() 'Jumble found plugin class: <class 'APODDownloader.APODDownloader'>: {'name': 'APODDownloader', 'description': 'NASA Astro Pic of the Day', 'author': 'Peter Levi', 'version': '0.1'}'
INFO: 2023-02-19 23:32:47,662: reload_config() 'Creating new downloader for type flickr, location user:www.flickr.com/photos/peter-levi/;user_id:93647178@N00;'
INFO: 2023-02-19 23:32:47,662: reload_config() 'Creating new downloader for type flickr, location user:www.flickr.com/photos/timpgh/;user_id:125407610@N06;'
INFO: 2023-02-19 23:32:47,662: reload_config() 'Creating new downloader for type flickr, location user:www.flickr.com/photos/diesmali/;user_id:7983463@N08;'
INFO: 2023-02-19 23:32:47,662: reload_config() 'Creating new downloader for type flickr, location user:www.flickr.com/photos/carlosvfernando/;user_id:131699274@N07;'
INFO: 2023-02-19 23:32:47,662: reload_config() 'Creating new downloader for type flickr, location user:www.flickr.com/photos/alexdarkside/;user_id:125203619@N02;'
INFO: 2023-02-19 23:32:47,663: log_options() 'Loaded options:'
INFO: 2023-02-19 23:32:47,663: log_options() 'change_enabled = True'
INFO: 2023-02-19 23:32:47,663: log_options() 'change_interval = 180'
INFO: 2023-02-19 23:32:47,663: log_options() 'change_on_start = False'
INFO: 2023-02-19 23:32:47,663: log_options() 'clipboard_enabled = False'
INFO: 2023-02-19 23:32:47,663: log_options() 'clipboard_hosts = ['wallhaven.cc', 'wallpapers.net', 'flickr.com', 'imgur.com', 'deviantart.com', 'interfacelift.com', 'vladstudio.com', 'imageshack.us', 'deviantart.net', 'imageshack.com']'
INFO: 2023-02-19 23:32:47,663: log_options() 'clipboard_use_whitelist = True'
INFO: 2023-02-19 23:32:47,663: log_options() 'clock_date_font = Sans 30'
INFO: 2023-02-19 23:32:47,663: log_options() 'clock_enabled = False'
INFO: 2023-02-19 23:32:47,663: log_options() 'clock_filter = -density 100 -font `fc-match -f '%{file[0]}' '%CLOCK_FONT_NAME'` -pointsize %CLOCK_FONT_SIZE -gravity SouthEast -fill '#00000044' -annotate 0x0+[%HOFFSET+58]+[%VOFFSET+108] '%H:%M' -fill white -annotate 0x0+[%HOFFSET+60]+[%VOFFSET+110] '%H:%M' -font `fc-match -f '%{file[0]}' '%DATE_FONT_NAME'` -pointsize %DATE_FONT_SIZE -fill '#00000044' -annotate 0x0+[%HOFFSET+58]+[%VOFFSET+58] '%A, %B %d' -fill white -annotate 0x0+[%HOFFSET+60]+[%VOFFSET+60] '%A, %B %d''
INFO: 2023-02-19 23:32:47,663: log_options() 'clock_font = Sans 70'
INFO: 2023-02-19 23:32:47,663: log_options() 'configfile = /home/zikrymiftahur/.config/variety/variety.conf'
INFO: 2023-02-19 23:32:47,663: log_options() 'copyto_enabled = False'
INFO: 2023-02-19 23:32:47,663: log_options() 'copyto_folder = Default'
INFO: 2023-02-19 23:32:47,663: log_options() 'desired_color = [160, 160, 160]'
INFO: 2023-02-19 23:32:47,663: log_options() 'desired_color_enabled = False'
INFO: 2023-02-19 23:32:47,663: log_options() 'download_folder = /home/zikrymiftahur/.config/variety/Downloaded'
INFO: 2023-02-19 23:32:47,663: log_options() 'download_preference_ratio = 0.9'
INFO: 2023-02-19 23:32:47,663: log_options() 'favorites_folder = /home/zikrymiftahur/.config/variety/Favorites'
INFO: 2023-02-19 23:32:47,663: log_options() 'favorites_operations = [['Downloaded', 'Copy'], ['Fetched', 'Move'], ['Others', 'Copy']]'
INFO: 2023-02-19 23:32:47,663: log_options() 'fetched_folder = /home/zikrymiftahur/.config/variety/Fetched'
INFO: 2023-02-19 23:32:47,664: log_options() 'filters = [[False, 'Keep original', ''], [False, 'Grayscale', '-type Grayscale'], [False, 'Heavy blur', '-blur 120x40'], [False, 'Soft blur', '-blur 20x7'], [False, 'Oil painting', '-paint 8'], [False, 'Pointilism', '-spread 10 -noise 3'], [False, 'Pixellate', '-scale 3% -scale 3333%']]'
INFO: 2023-02-19 23:32:47,664: log_options() 'icon = Light'
INFO: 2023-02-19 23:32:47,664: log_options() 'lightness_enabled = False'
INFO: 2023-02-19 23:32:47,664: log_options() 'lightness_mode = 0'
INFO: 2023-02-19 23:32:47,664: log_options() 'min_rating = 4'
INFO: 2023-02-19 23:32:47,664: log_options() 'min_rating_enabled = False'
INFO: 2023-02-19 23:32:47,664: log_options() 'min_size = 80'
INFO: 2023-02-19 23:32:47,664: log_options() 'min_size_enabled = False'
INFO: 2023-02-19 23:32:47,664: log_options() 'quota_enabled = True'
INFO: 2023-02-19 23:32:47,664: log_options() 'quota_size = 1000'
INFO: 2023-02-19 23:32:47,664: log_options() 'quotes_authors = '
INFO: 2023-02-19 23:32:47,664: log_options() 'quotes_bg_color = [80, 80, 80]'
INFO: 2023-02-19 23:32:47,664: log_options() 'quotes_bg_opacity = 55'
INFO: 2023-02-19 23:32:47,664: log_options() 'quotes_change_enabled = False'
INFO: 2023-02-19 23:32:47,664: log_options() 'quotes_change_interval = 300'
INFO: 2023-02-19 23:32:47,664: log_options() 'quotes_disabled_sources = ['Urban Dictionary']'
INFO: 2023-02-19 23:32:47,664: log_options() 'quotes_enabled = False'
INFO: 2023-02-19 23:32:47,664: log_options() 'quotes_favorites_file = /home/zikrymiftahur/.config/variety/favorite_quotes.txt'
INFO: 2023-02-19 23:32:47,664: log_options() 'quotes_font = Sans 30'
INFO: 2023-02-19 23:32:47,664: log_options() 'quotes_hpos = 100'
INFO: 2023-02-19 23:32:47,664: log_options() 'quotes_max_length = 250'
INFO: 2023-02-19 23:32:47,664: log_options() 'quotes_tags = '
INFO: 2023-02-19 23:32:47,664: log_options() 'quotes_text_color = [255, 255, 255]'
INFO: 2023-02-19 23:32:47,664: log_options() 'quotes_text_shadow = False'
INFO: 2023-02-19 23:32:47,664: log_options() 'quotes_vpos = 40'
INFO: 2023-02-19 23:32:47,664: log_options() 'quotes_width = 70'
INFO: 2023-02-19 23:32:47,664: log_options() 'safe_mode = False'
INFO: 2023-02-19 23:32:47,664: log_options() 'slideshow_custom_enabled = False'
INFO: 2023-02-19 23:32:47,664: log_options() 'slideshow_custom_folder = /home/zikrymiftahur/Pictures'
INFO: 2023-02-19 23:32:47,664: log_options() 'slideshow_downloads_enabled = False'
INFO: 2023-02-19 23:32:47,664: log_options() 'slideshow_fade = 0.4'
INFO: 2023-02-19 23:32:47,664: log_options() 'slideshow_favorites_enabled = True'
INFO: 2023-02-19 23:32:47,664: log_options() 'slideshow_mode = Fullscreen'
INFO: 2023-02-19 23:32:47,664: log_options() 'slideshow_monitor = All'
INFO: 2023-02-19 23:32:47,664: log_options() 'slideshow_pan = 0.05'
INFO: 2023-02-19 23:32:47,665: log_options() 'slideshow_seconds = 6.0'
INFO: 2023-02-19 23:32:47,665: log_options() 'slideshow_sort_order = Random'
INFO: 2023-02-19 23:32:47,665: log_options() 'slideshow_sources_enabled = True'
INFO: 2023-02-19 23:32:47,665: log_options() 'slideshow_zoom = 0.2'
INFO: 2023-02-19 23:32:47,665: log_options() 'smart_enabled = False'
INFO: 2023-02-19 23:32:47,665: log_options() 'smart_notice_shown = False'
INFO: 2023-02-19 23:32:47,665: log_options() 'smart_register_shown = False'
INFO: 2023-02-19 23:32:47,665: log_options() 'sources = [[False, 'favorites', 'The Favorites folder'], [False, 'fetched', 'The Fetched folder'], [False, 'folder', '/usr/share/backgrounds'], [True, 'flickr', 'user:www.flickr.com/photos/peter-levi/;user_id:93647178@N00;'], [False, 'apod', "NASA's Astronomy Picture of the Day"], [False, 'bing', 'Bing Photo of the Day'], [False, 'earthview', 'Google Earth View Wallpapers'], [False, 'unsplash', 'High-resolution photos from Unsplash.com'], [True, 'flickr', 'user:www.flickr.com/photos/timpgh/;user_id:125407610@N06;'], [True, 'flickr', 'user:www.flickr.com/photos/diesmali/;user_id:7983463@N08;'], [True, 'flickr', 'user:www.flickr.com/photos/carlosvfernando/;user_id:131699274@N07;'], [True, 'flickr', 'user:www.flickr.com/photos/alexdarkside/;user_id:125203619@N02;']]'
INFO: 2023-02-19 23:32:47,665: log_options() 'stats_enabled = True'
INFO: 2023-02-19 23:32:47,665: log_options() 'stats_notice_shown = False'
INFO: 2023-02-19 23:32:47,665: log_options() 'sync_enabled = True'
INFO: 2023-02-19 23:32:47,665: log_options() 'use_landscape_enabled = True'
INFO: 2023-02-19 23:32:47,665: reload_config() 'No need to clear prepared queue'
INFO: 2023-02-19 23:32:47,665: update_indicator() 'Setting file info to: /home/zikrymiftahur/.config/variety/Downloaded/flickr_user_www_flickr_com_photos_alexdarkside__user_id_125203619_N02_/20869014869_d51355ed6a_b.jpg'
INFO: 2023-02-19 23:32:47,666: load_last_change_time() 'Change interval < 6 hours, ignore persisted last_change_time, wait initially the whole interval: 180'
INFO: 2023-02-19 23:32:47,666: update_indicator() 'Setting file info to: /home/zikrymiftahur/.config/variety/Downloaded/flickr_user_www_flickr_com_photos_alexdarkside__user_id_125203619_N02_/20869014869_d51355ed6a_b.jpg'
INFO: 2023-02-19 23:32:47,667: regular_change_thread() 'regular_change thread running'
INFO: 2023-02-19 23:32:47,667: prepare_thread() 'Prepare thread running'
INFO: 2023-02-19 23:32:47,667: prepare_thread() 'Prepared buffer contains 0 images'
INFO: 2023-02-19 23:32:47,667: prepare_thread() 'Preparing some images'
INFO: 2023-02-19 23:32:47,672: update_indicator_icon() 'Creating indicator'
WARNING: 2023-02-19 23:32:47,727: create_menu() 'Variety Slideshow is not installed. This is an optional extension adding pan-and-zoom slideshows to Variety: see https://github.com/peterlevi/variety-slideshow for details'
INFO: 2023-02-19 23:32:47,728: create_indicator() 'indicator backend: AyatanaAppIndicator3'
INFO: 2023-02-19 23:32:47,766: set_from_theme_icon() 'Showing indicator icon variety-indicator from GTK theme'
INFO: 2023-02-19 23:32:47,766: do_set_wp() 'Calling do_set_wp with /home/zikrymiftahur/.config/variety/Downloaded/flickr_user_www_flickr_com_photos_alexdarkside__user_id_125203619_N02_/20869014869_d51355ed6a_b.jpg, time: 1676824367.7667222'
INFO: 2023-02-19 23:32:47,769: prepare_thread() 'After search prepared buffer contains 100 images'
INFO: 2023-02-19 23:32:47,775: update_indicator() 'Setting file info to: /home/zikrymiftahur/.config/variety/Downloaded/flickr_user_www_flickr_com_photos_alexdarkside__user_id_125203619_N02_/20869014869_d51355ed6a_b.jpg'
INFO: 2023-02-19 23:32:47,776: list_files() 'More than 1 files in the folders, stop listing'
INFO: 2023-02-19 23:32:48,856: reload() 'Reloading preferences dialog'
INFO: 2023-02-19 23:32:49,770: trigger_download() 'Triggering download thread to check if download needed'
INFO: 2023-02-19 23:33:07,684: server_options_thread() 'Fetching server options from http://tiny.cc/variety-options-063'
INFO: 2023-02-19 23:33:10,976: server_options_thread() 'Fetched server options: {'flickr': {'min_fill_queue_interval': 1200, 'min_download_interval': 1200}, 'wallbase': {'min_fill_queue_interval': 1800, 'min_download_interval': 1800}, 'wallhaven': {'min_fill_queue_interval': 1800, 'min_download_interval': 1800}, 'wallpapers.net': {'min_fill_queue_interval': 601, 'min_download_interval': 0}, 'unsplash': {'min_fill_queue_interval': 20000000000, 'min_download_interval': 20000000000}, 'unsplash_v2': {'min_fill_queue_interval': 3600, 'min_download_interval': 1800}, 'status_message': {'0.0.1': '', '*': ''}}'
INFO: 2023-02-19 23:35:47,666: regular_change_thread() 'regular_change changes wallpaper'
INFO: 2023-02-19 23:35:47,666: set_wallpaper() 'Calling set_wallpaper with /home/zikrymiftahur/.config/variety/Downloaded/flickr_user_www_flickr_com_photos_carlosvfernando__user_id_131699274_N07_/29153381570_4cf399bac9_k.jpg'
INFO: 2023-02-19 23:35:47,666: prepare_thread() 'Prepared buffer contains 100 images'
INFO: 2023-02-19 23:35:47,669: do_set_wp() 'Calling do_set_wp with /home/zikrymiftahur/.config/variety/Downloaded/flickr_user_www_flickr_com_photos_carlosvfernando__user_id_131699274_N07_/29153381570_4cf399bac9_k.jpg, time: 1676824547.669548'
INFO: 2023-02-19 23:35:47,678: update_indicator() 'Setting file info to: /home/zikrymiftahur/.config/variety/Downloaded/flickr_user_www_flickr_com_photos_carlosvfernando__user_id_131699274_N07_/29153381570_4cf399bac9_k.jpg'
INFO: 2023-02-19 23:35:47,681: list_files() 'More than 1 files in the folders, stop listing'
INFO: 2023-02-19 23:35:49,667: trigger_download() 'Triggering download thread to check if download needed'
INFO: 2023-02-19 23:35:49,667: get_throttling() 'Flickr: parsing serverside options'
INFO: 2023-02-19 23:35:49,667: get_throttling() 'Flickr serverside options: {'min_fill_queue_interval': 1200, 'min_download_interval': 1200}'
INFO: 2023-02-19 23:35:49,667: get_throttling() 'Flickr: parsing serverside options'
INFO: 2023-02-19 23:35:49,667: trigger_download() 'Triggering download thread to check if download needed'
INFO: 2023-02-19 23:35:49,667: get_throttling() 'Flickr serverside options: {'min_fill_queue_interval': 1200, 'min_download_interval': 1200}'
INFO: 2023-02-19 23:35:49,667: download_one() 'Flickr: Downloading an image, config: user:www.flickr.com/photos/carlosvfernando/;user_id:131699274@N07;'
INFO: 2023-02-19 23:35:49,667: download_one() 'Flickr: Queue size: 0'
INFO: 2023-02-19 23:35:49,667: get_throttling() 'Flickr: parsing serverside options'
INFO: 2023-02-19 23:35:49,667: get_throttling() 'Flickr serverside options: {'min_fill_queue_interval': 1200, 'min_download_interval': 1200}'
INFO: 2023-02-19 23:35:49,667: download_one() 'Flickr: Filling queue'
INFO: 2023-02-19 23:35:49,668: fetch() 'Making flickr API call: https://api.flickr.com/services/rest/?method=flickr.photos.search&api_key=0553a848c09bcfd21d3a984d9408c04e&per_page=500&tag_mode=all&format=json&nojsoncallback=1&user_id=131699274@N07'
INFO: 2023-02-19 23:35:50,953: fill_queue() '1 pages in the search results, using page 1'
INFO: 2023-02-19 23:35:50,953: fetch() 'Making flickr API call: https://api.flickr.com/services/rest/?method=flickr.photos.search&api_key=0553a848c09bcfd21d3a984d9408c04e&per_page=500&tag_mode=all&format=json&nojsoncallback=1&user_id=131699274@N07&extras=owner_name,description,tags,o_dims,url_o,url_k,url_h,url_l&page=1'
INFO: 2023-02-19 23:35:51,977: process_photos_in_response() 'Queue size is 0, populating with images for size suffix o'
INFO: 2023-02-19 23:35:51,977: process_photos_in_response() 'Queue size is 0, populating with images for size suffix k'
INFO: 2023-02-19 23:35:51,978: process_photos_in_response() 'Queue size is 6, populating with images for size suffix h'
INFO: 2023-02-19 23:35:51,978: process_photos_in_response() 'Queue size is 6, populating with images for size suffix l'
INFO: 2023-02-19 23:35:51,979: download_one() 'Flickr: Queue populated with 6 URLs'
INFO: 2023-02-19 23:35:51,979: save_locally() 'Origin URL: https://www.flickr.com/photos/131699274@N07/29319983646'
INFO: 2023-02-19 23:35:51,979: save_locally() 'Image URL: https://live.staticflickr.com/8533/29319983646_a7394421b2_k.jpg'
INFO: 2023-02-19 23:35:51,979: save_locally() 'Local path: /home/zikrymiftahur/.config/variety/Downloaded/flickr_user_www_flickr_com_photos_carlosvfernando__user_id_131699274_N07_/29319983646_a7394421b2_k.jpg'
INFO: 2023-02-19 23:35:54,944: save_locally() 'Download complete'
INFO: 2023-02-19 23:35:54,944: update_indicator() 'Setting file info to: /home/zikrymiftahur/.config/variety/Downloaded/flickr_user_www_flickr_com_photos_carlosvfernando__user_id_131699274_N07_/29153381570_4cf399bac9_k.jpg'
INFO: 2023-02-19 23:35:54,945: list_files() 'More than 1 files in the folders, stop listing'
INFO: 2023-02-19 23:35:54,946: download_one_from() 'Adding downloaded file /home/zikrymiftahur/.config/variety/Downloaded/flickr_user_www_flickr_com_photos_carlosvfernando__user_id_131699274_N07_/29319983646_a7394421b2_k.jpg to unseen_downloads'
INFO: 2023-02-19 23:36:11,431: process_command() 'Received command: ['--preferences']'
INFO: 2023-02-19 23:36:11,434: reload() 'Reloading preferences dialog'
INFO: 2023-02-19 23:36:23,541: process_command() 'Received command: ['--preferences']'
INFO: 2023-02-19 23:38:47,816: regular_change_thread() 'regular_change changes wallpaper'
INFO: 2023-02-19 23:38:47,816: set_wallpaper() 'Calling set_wallpaper with /home/zikrymiftahur/.config/variety/Downloaded/flickr_user_www_flickr_com_photos_diesmali__user_id_7983463_N08_/49194366518_b0317a8a5d_o.jpg'
INFO: 2023-02-19 23:38:47,816: prepare_thread() 'Prepared buffer contains 100 images'
INFO: 2023-02-19 23:38:47,816: do_set_wp() 'Calling do_set_wp with /home/zikrymiftahur/.config/variety/Downloaded/flickr_user_www_flickr_com_photos_diesmali__user_id_7983463_N08_/49194366518_b0317a8a5d_o.jpg, time: 1676824727.8169656'
INFO: 2023-02-19 23:38:47,820: update_indicator() 'Setting file info to: /home/zikrymiftahur/.config/variety/Downloaded/flickr_user_www_flickr_com_photos_diesmali__user_id_7983463_N08_/49194366518_b0317a8a5d_o.jpg'
INFO: 2023-02-19 23:38:47,821: list_files() 'More than 1 files in the folders, stop listing'
INFO: 2023-02-19 23:38:48,902: process_command() 'Received command: ['--preferences']'
INFO: 2023-02-19 23:38:49,816: trigger_download() 'Triggering download thread to check if download needed'
INFO: 2023-02-19 23:38:49,816: get_throttling() 'Flickr: parsing serverside options'
INFO: 2023-02-19 23:38:49,816: get_throttling() 'Flickr serverside options: {'min_fill_queue_interval': 1200, 'min_download_interval': 1200}'
INFO: 2023-02-19 23:38:49,816: trigger_download() 'Triggering download thread to check if download needed'
INFO: 2023-02-19 23:38:49,816: get_throttling() 'Flickr: parsing serverside options'
INFO: 2023-02-19 23:38:49,817: get_throttling() 'Flickr serverside options: {'min_fill_queue_interval': 1200, 'min_download_interval': 1200}'
INFO: 2023-02-19 23:38:49,817: download_one() 'Flickr: Downloading an image, config: user:www.flickr.com/photos/diesmali/;user_id:7983463@N08;'
INFO: 2023-02-19 23:38:49,817: download_one() 'Flickr: Queue size: 0'
INFO: 2023-02-19 23:38:49,817: get_throttling() 'Flickr: parsing serverside options'
INFO: 2023-02-19 23:38:49,817: get_throttling() 'Flickr serverside options: {'min_fill_queue_interval': 1200, 'min_download_interval': 1200}'
INFO: 2023-02-19 23:38:49,817: download_one() 'Flickr: Filling queue'
INFO: 2023-02-19 23:38:49,817: fetch() 'Making flickr API call: https://api.flickr.com/services/rest/?method=flickr.photos.search&api_key=0553a848c09bcfd21d3a984d9408c04e&per_page=500&tag_mode=all&format=json&nojsoncallback=1&user_id=7983463@N08'
INFO: 2023-02-19 23:38:51,218: fill_queue() '6 pages in the search results, using page 5'
INFO: 2023-02-19 23:38:51,218: fetch() 'Making flickr API call: https://api.flickr.com/services/rest/?method=flickr.photos.search&api_key=0553a848c09bcfd21d3a984d9408c04e&per_page=500&tag_mode=all&format=json&nojsoncallback=1&user_id=7983463@N08&extras=owner_name,description,tags,o_dims,url_o,url_k,url_h,url_l&page=5'
INFO: 2023-02-19 23:38:53,656: process_photos_in_response() 'Queue size is 0, populating with images for size suffix o'
INFO: 2023-02-19 23:38:53,668: download_one() 'Flickr: Queue populated with 153 URLs'
INFO: 2023-02-19 23:38:53,668: save_locally() 'Origin URL: https://www.flickr.com/photos/7983463@N08/2864980736'
INFO: 2023-02-19 23:38:53,668: save_locally() 'Image URL: https://live.staticflickr.com/3176/2864980736_3a48c0f0dd_o.jpg'
INFO: 2023-02-19 23:38:53,668: save_locally() 'Local path: /home/zikrymiftahur/.config/variety/Downloaded/flickr_user_www_flickr_com_photos_diesmali__user_id_7983463_N08_/2864980736_3a48c0f0dd_o.jpg'
INFO: 2023-02-19 23:38:55,044: save_locally() 'Download complete'
INFO: 2023-02-19 23:38:55,044: update_indicator() 'Setting file info to: /home/zikrymiftahur/.config/variety/Downloaded/flickr_user_www_flickr_com_photos_diesmali__user_id_7983463_N08_/49194366518_b0317a8a5d_o.jpg'
INFO: 2023-02-19 23:38:55,046: list_files() 'More than 1 files in the folders, stop listing'
INFO: 2023-02-19 23:38:55,046: download_one_from() 'Adding downloaded file /home/zikrymiftahur/.config/variety/Downloaded/flickr_user_www_flickr_com_photos_diesmali__user_id_7983463_N08_/2864980736_3a48c0f0dd_o.jpg to unseen_downloads'
INFO: 2023-02-19 23:41:48,444: regular_change_thread() 'regular_change changes wallpaper'
INFO: 2023-02-19 23:41:48,444: set_wallpaper() 'Calling set_wallpaper with /home/zikrymiftahur/.config/variety/Downloaded/flickr_user_www_flickr_com_photos_diesmali__user_id_7983463_N08_/2864980736_3a48c0f0dd_o.jpg'
INFO: 2023-02-19 23:41:48,444: prepare_thread() 'Prepared buffer contains 100 images'
INFO: 2023-02-19 23:41:48,445: do_set_wp() 'Calling do_set_wp with /home/zikrymiftahur/.config/variety/Downloaded/flickr_user_www_flickr_com_photos_diesmali__user_id_7983463_N08_/2864980736_3a48c0f0dd_o.jpg, time: 1676824908.4450817'
INFO: 2023-02-19 23:41:48,448: update_indicator() 'Setting file info to: /home/zikrymiftahur/.config/variety/Downloaded/flickr_user_www_flickr_com_photos_diesmali__user_id_7983463_N08_/2864980736_3a48c0f0dd_o.jpg'
INFO: 2023-02-19 23:41:48,450: list_files() 'More than 1 files in the folders, stop listing'
INFO: 2023-02-19 23:41:50,444: trigger_download() 'Triggering download thread to check if download needed'
INFO: 2023-02-19 23:41:50,444: get_throttling() 'Flickr: parsing serverside options'
INFO: 2023-02-19 23:41:50,445: trigger_download() 'Triggering download thread to check if download needed'
INFO: 2023-02-19 23:41:50,445: get_throttling() 'Flickr serverside options: {'min_fill_queue_interval': 1200, 'min_download_interval': 1200}'
INFO: 2023-02-19 23:41:50,445: get_throttling() 'Flickr: parsing serverside options'
INFO: 2023-02-19 23:41:50,445: get_throttling() 'Flickr serverside options: {'min_fill_queue_interval': 1200, 'min_download_interval': 1200}'
INFO: 2023-02-19 23:41:50,445: download_one() 'Flickr: Downloading an image, config: user:www.flickr.com/photos/diesmali/;user_id:7983463@N08;'
INFO: 2023-02-19 23:41:50,445: download_one() 'Flickr: Queue size: 152'
INFO: 2023-02-19 23:41:50,445: download_one() 'Flickr: Queue populated with 152 URLs'
INFO: 2023-02-19 23:41:50,445: save_locally() 'Origin URL: https://www.flickr.com/photos/7983463@N08/2637815295'
INFO: 2023-02-19 23:41:50,445: save_locally() 'Image URL: https://live.staticflickr.com/3104/2637815295_16c026ef6f_o.jpg'
INFO: 2023-02-19 23:41:50,445: save_locally() 'Local path: /home/zikrymiftahur/.config/variety/Downloaded/flickr_user_www_flickr_com_photos_diesmali__user_id_7983463_N08_/2637815295_16c026ef6f_o.jpg'
INFO: 2023-02-19 23:41:51,618: save_locally() 'Download complete'
INFO: 2023-02-19 23:41:51,618: update_indicator() 'Setting file info to: /home/zikrymiftahur/.config/variety/Downloaded/flickr_user_www_flickr_com_photos_diesmali__user_id_7983463_N08_/2864980736_3a48c0f0dd_o.jpg'
INFO: 2023-02-19 23:41:51,621: list_files() 'More than 1 files in the folders, stop listing'
INFO: 2023-02-19 23:41:51,621: download_one_from() 'Adding downloaded file /home/zikrymiftahur/.config/variety/Downloaded/flickr_user_www_flickr_com_photos_diesmali__user_id_7983463_N08_/2637815295_16c026ef6f_o.jpg to unseen_downloads'
INFO: 2023-02-19 23:44:48,515: regular_change_thread() 'regular_change changes wallpaper'
INFO: 2023-02-19 23:44:48,515: set_wallpaper() 'Calling set_wallpaper with /home/zikrymiftahur/.config/variety/Downloaded/flickr_user_www_flickr_com_photos_diesmali__user_id_7983463_N08_/47985745027_544ec3b7c5_o.jpg'
INFO: 2023-02-19 23:44:48,515: prepare_thread() 'Prepared buffer contains 100 images'
INFO: 2023-02-19 23:44:48,515: do_set_wp() 'Calling do_set_wp with /home/zikrymiftahur/.config/variety/Downloaded/flickr_user_www_flickr_com_photos_diesmali__user_id_7983463_N08_/47985745027_544ec3b7c5_o.jpg, time: 1676825088.5158515'
INFO: 2023-02-19 23:44:48,519: update_indicator() 'Setting file info to: /home/zikrymiftahur/.config/variety/Downloaded/flickr_user_www_flickr_com_photos_diesmali__user_id_7983463_N08_/47985745027_544ec3b7c5_o.jpg'
INFO: 2023-02-19 23:44:48,522: list_files() 'More than 1 files in the folders, stop listing'
INFO: 2023-02-19 23:44:50,515: trigger_download() 'Triggering download thread to check if download needed'
INFO: 2023-02-19 23:44:50,515: trigger_download() 'Triggering download thread to check if download needed'
INFO: 2023-02-19 23:44:50,516: get_throttling() 'Flickr: parsing serverside options'
INFO: 2023-02-19 23:44:50,516: get_throttling() 'Flickr serverside options: {'min_fill_queue_interval': 1200, 'min_download_interval': 1200}'
INFO: 2023-02-19 23:44:50,516: get_throttling() 'Flickr: parsing serverside options'
INFO: 2023-02-19 23:44:50,516: get_throttling() 'Flickr serverside options: {'min_fill_queue_interval': 1200, 'min_download_interval': 1200}'
INFO: 2023-02-19 23:44:50,516: download_one() 'Flickr: Downloading an image, config: user:www.flickr.com/photos/diesmali/;user_id:7983463@N08;'
INFO: 2023-02-19 23:44:50,516: download_one() 'Flickr: Queue size: 151'
INFO: 2023-02-19 23:44:50,516: download_one() 'Flickr: Queue populated with 151 URLs'
INFO: 2023-02-19 23:44:50,516: save_locally() 'Origin URL: https://www.flickr.com/photos/7983463@N08/2548491947'
INFO: 2023-02-19 23:44:50,516: save_locally() 'Image URL: https://live.staticflickr.com/3041/2548491947_c1243004f1_o.jpg'
INFO: 2023-02-19 23:44:50,516: save_locally() 'Local path: /home/zikrymiftahur/.config/variety/Downloaded/flickr_user_www_flickr_com_photos_diesmali__user_id_7983463_N08_/2548491947_c1243004f1_o.jpg'
INFO: 2023-02-19 23:44:52,143: save_locally() 'Download complete'
INFO: 2023-02-19 23:44:52,143: update_indicator() 'Setting file info to: /home/zikrymiftahur/.config/variety/Downloaded/flickr_user_www_flickr_com_photos_diesmali__user_id_7983463_N08_/47985745027_544ec3b7c5_o.jpg'
INFO: 2023-02-19 23:44:52,145: list_files() 'More than 1 files in the folders, stop listing'
INFO: 2023-02-19 23:44:52,146: download_one_from() 'Adding downloaded file /home/zikrymiftahur/.config/variety/Downloaded/flickr_user_www_flickr_com_photos_diesmali__user_id_7983463_N08_/2548491947_c1243004f1_o.jpg to unseen_downloads'
INFO: 2023-02-19 23:47:48,585: regular_change_thread() 'regular_change changes wallpaper'
INFO: 2023-02-19 23:47:48,586: set_wallpaper() 'Calling set_wallpaper with /home/zikrymiftahur/.config/variety/Downloaded/flickr_user_www_flickr_com_photos_diesmali__user_id_7983463_N08_/3514886863_8bba90690d_o.jpg'
INFO: 2023-02-19 23:47:48,586: prepare_thread() 'Prepared buffer contains 100 images'
INFO: 2023-02-19 23:47:48,586: do_set_wp() 'Calling do_set_wp with /home/zikrymiftahur/.config/variety/Downloaded/flickr_user_www_flickr_com_photos_diesmali__user_id_7983463_N08_/3514886863_8bba90690d_o.jpg, time: 1676825268.5868602'
INFO: 2023-02-19 23:47:48,590: update_indicator() 'Setting file info to: /home/zikrymiftahur/.config/variety/Downloaded/flickr_user_www_flickr_com_photos_diesmali__user_id_7983463_N08_/3514886863_8bba90690d_o.jpg'
INFO: 2023-02-19 23:47:48,593: list_files() 'More than 1 files in the folders, stop listing'
INFO: 2023-02-19 23:47:50,586: trigger_download() 'Triggering download thread to check if download needed'
INFO: 2023-02-19 23:47:50,586: get_throttling() 'Flickr: parsing serverside options'
INFO: 2023-02-19 23:47:50,586: get_throttling() 'Flickr serverside options: {'min_fill_queue_interval': 1200, 'min_download_interval': 1200}'
INFO: 2023-02-19 23:47:50,586: get_throttling() 'Flickr: parsing serverside options'
INFO: 2023-02-19 23:47:50,586: get_throttling() 'Flickr serverside options: {'min_fill_queue_interval': 1200, 'min_download_interval': 1200}'
INFO: 2023-02-19 23:47:50,586: download_one() 'Flickr: Downloading an image, config: user:www.flickr.com/photos/diesmali/;user_id:7983463@N08;'
INFO: 2023-02-19 23:47:50,586: download_one() 'Flickr: Queue size: 150'
INFO: 2023-02-19 23:47:50,587: download_one() 'Flickr: Queue populated with 150 URLs'
INFO: 2023-02-19 23:47:50,587: trigger_download() 'Triggering download thread to check if download needed'
INFO: 2023-02-19 23:47:50,587: save_locally() 'Origin URL: https://www.flickr.com/photos/7983463@N08/2968074141'
INFO: 2023-02-19 23:47:50,587: save_locally() 'Image URL: https://live.staticflickr.com/3211/2968074141_94a8fa6acb_o.jpg'
INFO: 2023-02-19 23:47:50,587: save_locally() 'Local path: /home/zikrymiftahur/.config/variety/Downloaded/flickr_user_www_flickr_com_photos_diesmali__user_id_7983463_N08_/2968074141_94a8fa6acb_o.jpg'
INFO: 2023-02-19 23:47:52,964: save_locally() 'Download complete'
INFO: 2023-02-19 23:47:52,964: update_indicator() 'Setting file info to: /home/zikrymiftahur/.config/variety/Downloaded/flickr_user_www_flickr_com_photos_diesmali__user_id_7983463_N08_/3514886863_8bba90690d_o.jpg'
INFO: 2023-02-19 23:47:52,966: list_files() 'More than 1 files in the folders, stop listing'
INFO: 2023-02-19 23:47:52,966: download_one_from() 'Adding downloaded file /home/zikrymiftahur/.config/variety/Downloaded/flickr_user_www_flickr_com_photos_diesmali__user_id_7983463_N08_/2968074141_94a8fa6acb_o.jpg to unseen_downloads'
INFO: 2023-02-19 23:50:48,651: regular_change_thread() 'regular_change changes wallpaper'
INFO: 2023-02-19 23:50:48,651: set_wallpaper() 'Calling set_wallpaper with /home/zikrymiftahur/.config/variety/Downloaded/flickr_user_www_flickr_com_photos_timpgh__user_id_125407610_N06_/17998427212_cfa1e757b3_o.jpg'
INFO: 2023-02-19 23:50:48,651: prepare_thread() 'Prepared buffer contains 100 images'
INFO: 2023-02-19 23:50:48,652: do_set_wp() 'Calling do_set_wp with /home/zikrymiftahur/.config/variety/Downloaded/flickr_user_www_flickr_com_photos_timpgh__user_id_125407610_N06_/17998427212_cfa1e757b3_o.jpg, time: 1676825448.652392'
INFO: 2023-02-19 23:50:48,656: update_indicator() 'Setting file info to: /home/zikrymiftahur/.config/variety/Downloaded/flickr_user_www_flickr_com_photos_timpgh__user_id_125407610_N06_/17998427212_cfa1e757b3_o.jpg'
INFO: 2023-02-19 23:50:48,658: list_files() 'More than 1 files in the folders, stop listing'
INFO: 2023-02-19 23:50:50,652: trigger_download() 'Triggering download thread to check if download needed'
INFO: 2023-02-19 23:50:50,652: get_throttling() 'Flickr: parsing serverside options'
INFO: 2023-02-19 23:50:50,652: get_throttling() 'Flickr serverside options: {'min_fill_queue_interval': 1200, 'min_download_interval': 1200}'
INFO: 2023-02-19 23:50:50,652: get_throttling() 'Flickr: parsing serverside options'
INFO: 2023-02-19 23:50:50,652: get_throttling() 'Flickr serverside options: {'min_fill_queue_interval': 1200, 'min_download_interval': 1200}'
INFO: 2023-02-19 23:50:50,652: download_one() 'Flickr: Downloading an image, config: user:www.flickr.com/photos/timpgh/;user_id:125407610@N06;'
INFO: 2023-02-19 23:50:50,652: download_one() 'Flickr: Queue size: 0'
INFO: 2023-02-19 23:50:50,652: get_throttling() 'Flickr: parsing serverside options'
INFO: 2023-02-19 23:50:50,652: get_throttling() 'Flickr serverside options: {'min_fill_queue_interval': 1200, 'min_download_interval': 1200}'
INFO: 2023-02-19 23:50:50,652: download_one() 'Flickr: Filling queue'
INFO: 2023-02-19 23:50:50,652: fetch() 'Making flickr API call: https://api.flickr.com/services/rest/?method=flickr.photos.search&api_key=0553a848c09bcfd21d3a984d9408c04e&per_page=500&tag_mode=all&format=json&nojsoncallback=1&user_id=125407610@N06'
INFO: 2023-02-19 23:50:50,652: trigger_download() 'Triggering download thread to check if download needed'
INFO: 2023-02-19 23:50:52,294: fill_queue() '1 pages in the search results, using page 1'
INFO: 2023-02-19 23:50:52,294: fetch() 'Making flickr API call: https://api.flickr.com/services/rest/?method=flickr.photos.search&api_key=0553a848c09bcfd21d3a984d9408c04e&per_page=500&tag_mode=all&format=json&nojsoncallback=1&user_id=125407610@N06&extras=owner_name,description,tags,o_dims,url_o,url_k,url_h,url_l&page=1'
INFO: 2023-02-19 23:50:53,895: process_photos_in_response() 'Queue size is 0, populating with images for size suffix o'
INFO: 2023-02-19 23:50:53,900: download_one() 'Flickr: Queue populated with 94 URLs'
INFO: 2023-02-19 23:50:53,931: save_locally() 'Origin URL: https://www.flickr.com/photos/125407610@N06/21937018086'
INFO: 2023-02-19 23:50:53,931: save_locally() 'Image URL: https://live.staticflickr.com/5812/21937018086_04814f3938_o.jpg'
INFO: 2023-02-19 23:50:53,931: save_locally() 'Local path: /home/zikrymiftahur/.config/variety/Downloaded/flickr_user_www_flickr_com_photos_timpgh__user_id_125407610_N06_/21937018086_04814f3938_o.jpg'
INFO: 2023-02-19 23:51:12,129: save_locally() 'Download complete'
INFO: 2023-02-19 23:51:12,129: update_indicator() 'Setting file info to: /home/zikrymiftahur/.config/variety/Downloaded/flickr_user_www_flickr_com_photos_timpgh__user_id_125407610_N06_/17998427212_cfa1e757b3_o.jpg'
INFO: 2023-02-19 23:51:12,131: list_files() 'More than 1 files in the folders, stop listing'
INFO: 2023-02-19 23:51:12,132: download_one_from() 'Adding downloaded file /home/zikrymiftahur/.config/variety/Downloaded/flickr_user_www_flickr_com_photos_timpgh__user_id_125407610_N06_/21937018086_04814f3938_o.jpg to unseen_downloads'
INFO: 2023-02-19 23:53:48,941: regular_change_thread() 'regular_change changes wallpaper'
INFO: 2023-02-19 23:53:48,941: set_wallpaper() 'Calling set_wallpaper with /home/zikrymiftahur/.config/variety/Downloaded/flickr_user_www_flickr_com_photos_timpgh__user_id_125407610_N06_/17662830901_f48341cef7_o.jpg'
INFO: 2023-02-19 23:53:48,941: prepare_thread() 'Prepared buffer contains 100 images'
INFO: 2023-02-19 23:53:48,941: do_set_wp() 'Calling do_set_wp with /home/zikrymiftahur/.config/variety/Downloaded/flickr_user_www_flickr_com_photos_timpgh__user_id_125407610_N06_/17662830901_f48341cef7_o.jpg, time: 1676825628.941874'
INFO: 2023-02-19 23:53:48,944: update_indicator() 'Setting file info to: /home/zikrymiftahur/.config/variety/Downloaded/flickr_user_www_flickr_com_photos_timpgh__user_id_125407610_N06_/17662830901_f48341cef7_o.jpg'
INFO: 2023-02-19 23:53:48,947: list_files() 'More than 1 files in the folders, stop listing'
INFO: 2023-02-19 23:53:50,941: trigger_download() 'Triggering download thread to check if download needed'
INFO: 2023-02-19 23:53:50,941: get_throttling() 'Flickr: parsing serverside options'
INFO: 2023-02-19 23:53:50,941: get_throttling() 'Flickr serverside options: {'min_fill_queue_interval': 1200, 'min_download_interval': 1200}'
INFO: 2023-02-19 23:53:50,942: get_throttling() 'Flickr: parsing serverside options'
INFO: 2023-02-19 23:53:50,942: get_throttling() 'Flickr serverside options: {'min_fill_queue_interval': 1200, 'min_download_interval': 1200}'
INFO: 2023-02-19 23:53:50,942: download_one() 'Flickr: Downloading an image, config: user:www.flickr.com/photos/timpgh/;user_id:125407610@N06;'
INFO: 2023-02-19 23:53:50,942: download_one() 'Flickr: Queue size: 93'
INFO: 2023-02-19 23:53:50,942: download_one() 'Flickr: Queue populated with 93 URLs'
INFO: 2023-02-19 23:53:50,942: save_locally() 'Origin URL: https://www.flickr.com/photos/125407610@N06/19665028670'
INFO: 2023-02-19 23:53:50,942: save_locally() 'Image URL: https://live.staticflickr.com/399/19665028670_d32bcc829c_o.jpg'
INFO: 2023-02-19 23:53:50,942: save_locally() 'Local path: /home/zikrymiftahur/.config/variety/Downloaded/flickr_user_www_flickr_com_photos_timpgh__user_id_125407610_N06_/19665028670_d32bcc829c_o.jpg'
INFO: 2023-02-19 23:53:50,943: trigger_download() 'Triggering download thread to check if download needed'
INFO: 2023-02-19 23:54:16,069: save_locally() 'Download complete'
INFO: 2023-02-19 23:54:16,069: update_indicator() 'Setting file info to: /home/zikrymiftahur/.config/variety/Downloaded/flickr_user_www_flickr_com_photos_timpgh__user_id_125407610_N06_/17662830901_f48341cef7_o.jpg'
INFO: 2023-02-19 23:54:16,072: list_files() 'More than 1 files in the folders, stop listing'
INFO: 2023-02-19 23:54:16,072: download_one_from() 'Adding downloaded file /home/zikrymiftahur/.config/variety/Downloaded/flickr_user_www_flickr_com_photos_timpgh__user_id_125407610_N06_/19665028670_d32bcc829c_o.jpg to unseen_downloads'
